source: 1    %mm_dstrans (
source: 2    dscodeFileUri=%nrstr(/files/files/ba96699c-4cd7-46b5-bb10-5218c016fedf),
source: 3    xmlFileUri=%nrstr(/files/files/c82b9d35-4313-489b-a064-85b64c82d987),ds2epFileUri=%nrstr(),ds2pkgFileUri=%nrstr(/files/files/9f
source: 3  ! be50ac-5c78-4748-885e-1cd7c5b7e1b7));
note: 
note: NOTE: Copy Data Step score code file to local.
note: NOTE: DATA statement used (Total process time):
note:       real time           0.18 seconds
note:       cpu time            0.01 seconds
note:       
note: 
note: 
note: NOTE: Copy score XML file to local.
note: NOTE: DATA statement used (Total process time):
note:       real time           0.18 seconds
note:       cpu time            0.02 seconds
note:       
note: 
note: 
note: NOTE: PROCEDURE DSTRANS used (Total process time):
note:       real time           0.06 seconds
note:       cpu time            0.04 seconds
note:       
note: 
note: 
note: NOTE: Copy DS2 Package file to file service.
title: 2                                                          The SAS System                       Friday, January  5, 2024 05:57:00 PM
title: 
note: NOTE: DATA statement used (Total process time):
note:       real time           0.38 seconds
note:       cpu time            0.01 seconds
note:       
note: 
note: NOTE: Fileref _DS2PKG has been deassigned.
note: NOTE: Fileref DS2PKG has been deassigned.
note: NOTE: Fileref _DSCODE has been deassigned.
note: NOTE: Fileref DSCODE has been deassigned.
note: NOTE: Fileref _SCRXML has been deassigned.
note: NOTE: Fileref SCRXML has been deassigned.
note: 