source: 1    %mm_dstrans (
source: 2    dscodeFileUri=%nrstr(/files/files/e3cfd141-f9b7-4ded-a0be-39d8d09e1c19),
source: 3    xmlFileUri=%nrstr(/files/files/41791b88-5c96-4884-901c-47eb519861d1),
source: 4    ds2epFileUri=%nrstr(),
source: 5    ds2pkgFileUri=%nrstr(/files/files/09d15edf-9bd0-461e-8db5-fa90161470b6));
note: 
note: NOTE: Copy Data Step score code file to local.
note: NOTE: DATA statement used (Total process time):
note:       real time           0.15 seconds
note:       cpu time            0.02 seconds
note:       
note: 
note: 
note: NOTE: Copy score XML file to local.
note: NOTE: DATA statement used (Total process time):
note:       real time           0.16 seconds
note:       cpu time            0.02 seconds
note:       
note: 
note: 
note: NOTE: PROCEDURE DSTRANS used (Total process time):
note:       real time           0.04 seconds
note:       cpu time            0.03 seconds
note:       
note: 
note: 
title: 2                                                          The SAS System                        Monday, August 14, 2023 05:24:00 PM
title: 
note: NOTE: Copy DS2 Package file to file service.
note: NOTE: DATA statement used (Total process time):
note:       real time           0.25 seconds
note:       cpu time            0.01 seconds
note:       
note: 
note: NOTE: Fileref _DS2PKG has been deassigned.
note: NOTE: Fileref DS2PKG has been deassigned.
note: NOTE: Fileref _DSCODE has been deassigned.
note: NOTE: Fileref DSCODE has been deassigned.
note: NOTE: Fileref _SCRXML has been deassigned.
note: NOTE: Fileref SCRXML has been deassigned.
note: 