source: 1    %mm_dstrans (
source: 2    dscodeFileUri=%nrstr(/files/files/9e976efb-fa87-45eb-b40c-a48e2a28d71c),
source: 3    xmlFileUri=%nrstr(/files/files/779d9ecb-bc75-44fb-9010-f740ddaf816c),ds2epFileUri=%nrstr(),ds2pkgFileUri=%nrstr(/files/files/3f
source: 3  ! 13badb-b9f9-4a62-ab49-f7b22ed8e0b8));
note: 
note: NOTE: Copy Data Step score code file to local.
note: NOTE: DATA statement used (Total process time):
note:       real time           0.21 seconds
note:       cpu time            0.01 seconds
note:       
note: 
note: 
note: NOTE: Copy score XML file to local.
note: NOTE: DATA statement used (Total process time):
note:       real time           0.20 seconds
note:       cpu time            0.02 seconds
note:       
note: 
note: 
note: NOTE: PROCEDURE DSTRANS used (Total process time):
note:       real time           0.06 seconds
note:       cpu time            0.04 seconds
note:       
note: 
note: 
note: NOTE: Copy DS2 Package file to file service.
title: 2                                                          The SAS System                       Friday, January 19, 2024 02:42:00 PM
title: 
note: NOTE: DATA statement used (Total process time):
note:       real time           0.26 seconds
note:       cpu time            0.01 seconds
note:       
note: 
note: NOTE: Fileref _DS2PKG has been deassigned.
note: NOTE: Fileref DS2PKG has been deassigned.
note: NOTE: Fileref _DSCODE has been deassigned.
note: NOTE: Fileref DSCODE has been deassigned.
note: NOTE: Fileref _SCRXML has been deassigned.
note: NOTE: Fileref SCRXML has been deassigned.
note: 