source: 1    %mm_dstrans (
source: 2    dscodeFileUri=%nrstr(/files/files/fc69ff63-fbcb-4525-a784-352a7dd357d0),
source: 3    xmlFileUri=%nrstr(/files/files/744422e6-03ee-4f28-a6dd-06121ec08958),
source: 4    ds2epFileUri=%nrstr(),
source: 5    ds2pkgFileUri=%nrstr(/files/files/c02b620c-03b6-4c2c-80a5-ba8373c8fc92));
note: 
note: NOTE: Copy Data Step score code file to local.
note: NOTE: DATA statement used (Total process time):
note:       real time           0.18 seconds
note:       cpu time            0.00 seconds
note:       
note: 
note: 
note: NOTE: Copy score XML file to local.
note: NOTE: DATA statement used (Total process time):
note:       real time           0.20 seconds
note:       cpu time            0.02 seconds
note:       
note: 
note: 
note: NOTE: PROCEDURE DSTRANS used (Total process time):
note:       real time           0.05 seconds
note:       cpu time            0.03 seconds
note:       
note: 
note: 
title: 2                                                          The SAS System                     Tuesday, November 21, 2023 06:40:00 PM
title: 
note: NOTE: Copy DS2 Package file to file service.
note: NOTE: DATA statement used (Total process time):
note:       real time           0.23 seconds
note:       cpu time            0.01 seconds
note:       
note: 
note: NOTE: Fileref _DS2PKG has been deassigned.
note: NOTE: Fileref DS2PKG has been deassigned.
note: NOTE: Fileref _DSCODE has been deassigned.
note: NOTE: Fileref DSCODE has been deassigned.
note: NOTE: Fileref _SCRXML has been deassigned.
note: NOTE: Fileref SCRXML has been deassigned.
note: 